<?xml version="1.0" encoding="UTF-8"?>
<!-- Generated by org.testng.reporters.JUnitReportReporter -->
<testsuite skipped="0" hostname="DESKTOP-UU4M2OG" name="orangetests.EmergencyTest" tests="1" failures="0" timestamp="27 Apr 2022 03:01:52 GMT" time="23.784" errors="0">
  <testcase name="testEmergency" time="23.784" classname="orangetests.EmergencyTest"/>
</testsuite> <!-- orangetests.EmergencyTest -->
