<?xml version="1.0" encoding="UTF-8"?>
<!-- Generated by org.testng.reporters.JUnitReportReporter -->
<testsuite skipped="0" hostname="DESKTOP-UU4M2OG" name="orangetests.OrangeValidLogin" tests="4" failures="0" timestamp="27 Apr 2022 05:32:16 GMT" time="28.963" errors="0">
  <testcase name="testPersonalDetails" time="9.062" classname="orangetests.OrangeValidLogin"/>
  <testcase name="testContactDetails" time="9.081" classname="orangetests.OrangeValidLogin"/>
  <testcase name="testEmergency" time="4.414" classname="orangetests.OrangeValidLogin"/>
  <testcase name="testPic" time="6.406" classname="orangetests.OrangeValidLogin"/>
</testsuite> <!-- orangetests.OrangeValidLogin -->
