<?xml version="1.0" encoding="UTF-8"?>
<!-- Generated by org.testng.reporters.JUnitReportReporter -->
<testsuite skipped="0" hostname="DESKTOP-UU4M2OG" name="orangetests.OrangeTestCase1" tests="1" failures="0" timestamp="27 Apr 2022 05:12:25 GMT" time="27.394" errors="0">
  <testcase name="testContactDetails" time="27.394" classname="orangetests.OrangeTestCase1"/>
</testsuite> <!-- orangetests.OrangeTestCase1 -->
